<?xml version="1.0" encoding="UTF-8"?>
<!-- Generated by org.testng.reporters.JUnitReportReporter -->
<testsuite hostname="DESKTOP-EJ6UG3V" failures="0" tests="2" name="TestFlags.thread" time="0.017" errors="0" timestamp="2022-06-07T12:52:29 IST" skipped="0">
  <testcase classname="TestFlags.thread" name="method1" time="0.015"/>
  <system-out>
    <![CDATA[thread id17]]>
  </system-out>
  <testcase classname="TestFlags.thread" name="method2" time="0.002"/>
  <system-out>
    <![CDATA[thread id17]]>
  </system-out>
</testsuite> <!-- TestFlags.thread -->
