<?xml version="1.0" encoding="UTF-8"?>
<!-- Generated by org.testng.reporters.JUnitReportReporter -->
<testsuite hostname="DESKTOP-EJ6UG3V" failures="0" tests="1" name="TestFlags.Acti2" time="14.762" errors="0" timestamp="2022-06-07T12:24:27 IST" skipped="0">
  <testcase classname="TestFlags.Acti2" name="f" time="14.762"/>
  <system-out/>
</testsuite> <!-- TestFlags.Acti2 -->
