<?xml version="1.0" encoding="UTF-8"?>
<!-- Generated by org.testng.reporters.JUnitReportReporter -->
<testsuite hostname="DESKTOP-EJ6UG3V" failures="0" tests="2" name="TestFlags.Annotations" time="0.019" errors="0" timestamp="2022-06-08T23:28:41 IST" skipped="0">
  <testcase classname="TestFlags.Annotations" name="f" time="0.010"/>
  <system-out>
    <![CDATA[t1]]>
  </system-out>
  <testcase classname="TestFlags.Annotations" name="f1" time="0.009"/>
  <system-out>
    <![CDATA[t2]]>
  </system-out>
</testsuite> <!-- TestFlags.Annotations -->
