<?xml version="1.0" encoding="UTF-8"?>
<!-- Generated by org.testng.reporters.JUnitReportReporter -->
<testsuite hostname="DESKTOP-EJ6UG3V" failures="0" tests="1" name="TestNGPack.Remo" time="0.018" errors="0" timestamp="2022-06-04T08:51:17 IST" skipped="0">
  <testcase classname="TestNGPack.Remo" name="f" time="0.018"/>
  <system-out>
    <![CDATA[Remo Class Method]]>
  </system-out>
</testsuite> <!-- TestNGPack.Remo -->
