<?xml version="1.0" encoding="UTF-8"?>
<!-- Generated by org.testng.reporters.JUnitReportReporter -->
<testsuite hostname="DESKTOP-EJ6UG3V" failures="0" tests="1" name="TestNGPack.Sumo" time="0.012" errors="0" timestamp="2022-06-04T08:51:17 IST" skipped="0">
  <testcase classname="TestNGPack.Sumo" name="g" time="0.012"/>
  <system-out>
    <![CDATA[Sumo Class Method]]>
  </system-out>
</testsuite> <!-- TestNGPack.Sumo -->
