<?xml version="1.0" encoding="UTF-8"?>
<!-- Generated by org.testng.reporters.JUnitReportReporter -->
<testsuite hostname="DESKTOP-EJ6UG3V" failures="0" tests="1" name="TestFlags.NewTest" time="32.729" errors="0" timestamp="2022-06-08T23:22:19 IST" skipped="0">
  <testcase classname="TestFlags.NewTest" name="f" time="32.729"/>
  <system-out>
    <![CDATA[Create User
Create Contact]]>
  </system-out>
</testsuite> <!-- TestFlags.NewTest -->
