<?xml version="1.0" encoding="UTF-8"?>
<!-- Generated by org.testng.reporters.JUnitReportReporter -->
<testsuite hostname="DESKTOP-EJ6UG3V" failures="0" tests="5" name="TestNGAnnotation.DataProviders" time="77.590" errors="0" timestamp="2022-06-10T12:46:35 IST" skipped="0">
  <testcase classname="TestNGAnnotation.DataProviders" name="loginToActitime" time="15.246"/>
  <system-out/>
  <testcase classname="TestNGAnnotation.DataProviders" name="loginToActitime" time="15.105"/>
  <system-out/>
  <testcase classname="TestNGAnnotation.DataProviders" name="loginToActitime" time="16.437"/>
  <system-out/>
  <testcase classname="TestNGAnnotation.DataProviders" name="loginToActitime" time="16.452"/>
  <system-out/>
  <testcase classname="TestNGAnnotation.DataProviders" name="loginToActitime" time="14.350"/>
  <system-out/>
</testsuite> <!-- TestNGAnnotation.DataProviders -->
