<?xml version="1.0" encoding="UTF-8"?>
<!-- Generated by org.testng.reporters.JUnitReportReporter -->
<testsuite hostname="DESKTOP-EJ6UG3V" failures="0" tests="1" name="TestFlags.Description" time="0.012" errors="0" timestamp="2022-06-04T10:40:39 IST" skipped="0">
  <testcase classname="TestFlags.Description" name="a" time="0.012"/>
  <system-out>
    <![CDATA[login]]>
  </system-out>
</testsuite> <!-- TestFlags.Description -->
