<?xml version="1.0" encoding="UTF-8"?>
<!-- Generated by org.testng.reporters.JUnitReportReporter -->
<testsuite hostname="DESKTOP-EJ6UG3V" failures="0" tests="5" name="TestNGAnnotation.DataProvider" time="48.132" errors="0" timestamp="2022-06-10T12:57:56 IST" skipped="0">
  <testcase classname="TestNGAnnotation.DataProvider" name="loginToActitime" time="9.205"/>
  <system-out/>
  <testcase classname="TestNGAnnotation.DataProvider" name="loginToActitime" time="9.591"/>
  <system-out/>
  <testcase classname="TestNGAnnotation.DataProvider" name="loginToActitime" time="10.785"/>
  <system-out/>
  <testcase classname="TestNGAnnotation.DataProvider" name="loginToActitime" time="9.654"/>
  <system-out/>
  <testcase classname="TestNGAnnotation.DataProvider" name="loginToActitime" time="8.897"/>
  <system-out/>
</testsuite> <!-- TestNGAnnotation.DataProvider -->
