<?xml version="1.0" encoding="UTF-8"?>
<!-- Generated by org.testng.reporters.JUnitReportReporter -->
<testsuite hostname="DESKTOP-EJ6UG3V" failures="0" tests="1" name="TestNGPack.Femo" time="0.004" errors="0" timestamp="2022-06-04T08:51:17 IST" skipped="0">
  <testcase classname="TestNGPack.Femo" name="h" time="0.004"/>
  <system-out>
    <![CDATA[Femo Class Method]]>
  </system-out>
</testsuite> <!-- TestNGPack.Femo -->
