<?xml version="1.0" encoding="UTF-8"?>
<!-- Generated by org.testng.reporters.JUnitReportReporter -->
<testsuite hostname="DESKTOP-EJ6UG3V" failures="0" tests="3" name="TestFlags.ActitimeLogin" time="106.268" errors="0" timestamp="2022-06-13T09:10:54 IST" skipped="0">
  <testcase classname="TestFlags.ActitimeLogin" name="f" time="40.059"/>
  <system-out/>
  <testcase classname="TestFlags.ActitimeLogin" name="f" time="32.399"/>
  <system-out/>
  <testcase classname="TestFlags.ActitimeLogin" name="f" time="33.810"/>
  <system-out/>
</testsuite> <!-- TestFlags.ActitimeLogin -->
