<?xml version="1.0" encoding="UTF-8"?>
<!-- Generated by org.testng.reporters.JUnitReportReporter -->
<testsuite hostname="DESKTOP-EJ6UG3V" failures="0" tests="130" name="TestFlags.Priority" time="0.229" errors="0" timestamp="2022-06-04T10:55:46 IST" skipped="0">
  <testcase classname="TestFlags.Priority" name="x" time="0.014"/>
  <system-out>
    <![CDATA[x]]>
  </system-out>
  <testcase classname="TestFlags.Priority" name="z" time="0.002"/>
  <system-out>
    <![CDATA[z]]>
  </system-out>
  <testcase classname="TestFlags.Priority" name="a" time="0.003"/>
  <system-out>
    <![CDATA[a]]>
  </system-out>
  <testcase classname="TestFlags.Priority" name="a" time="0.000"/>
  <system-out>
    <![CDATA[a]]>
  </system-out>
  <testcase classname="TestFlags.Priority" name="a" time="0.003"/>
  <system-out>
    <![CDATA[a]]>
  </system-out>
  <testcase classname="TestFlags.Priority" name="a" time="0.000"/>
  <system-out>
    <![CDATA[a]]>
  </system-out>
  <testcase classname="TestFlags.Priority" name="a" time="0.001"/>
  <system-out>
    <![CDATA[a]]>
  </system-out>
  <testcase classname="TestFlags.Priority" name="a" time="0.001"/>
  <system-out>
    <![CDATA[a]]>
  </system-out>
  <testcase classname="TestFlags.Priority" name="a" time="0.001"/>
  <system-out>
    <![CDATA[a]]>
  </system-out>
  <testcase classname="TestFlags.Priority" name="a" time="0.001"/>
  <system-out>
    <![CDATA[a]]>
  </system-out>
  <testcase classname="TestFlags.Priority" name="a" time="0.002"/>
  <system-out>
    <![CDATA[a]]>
  </system-out>
  <testcase classname="TestFlags.Priority" name="a" time="0.000"/>
  <system-out>
    <![CDATA[a]]>
  </system-out>
  <testcase classname="TestFlags.Priority" name="a" time="0.005"/>
  <system-out>
    <![CDATA[a]]>
  </system-out>
  <testcase classname="TestFlags.Priority" name="a" time="0.001"/>
  <system-out>
    <![CDATA[a]]>
  </system-out>
  <testcase classname="TestFlags.Priority" name="a" time="0.001"/>
  <system-out>
    <![CDATA[a]]>
  </system-out>
  <testcase classname="TestFlags.Priority" name="a" time="0.004"/>
  <system-out>
    <![CDATA[a]]>
  </system-out>
  <testcase classname="TestFlags.Priority" name="a" time="0.001"/>
  <system-out>
    <![CDATA[a]]>
  </system-out>
  <testcase classname="TestFlags.Priority" name="a" time="0.001"/>
  <system-out>
    <![CDATA[a]]>
  </system-out>
  <testcase classname="TestFlags.Priority" name="d" time="0.003"/>
  <system-out>
    <![CDATA[d]]>
  </system-out>
  <testcase classname="TestFlags.Priority" name="a" time="0.001"/>
  <system-out>
    <![CDATA[a]]>
  </system-out>
  <testcase classname="TestFlags.Priority" name="a" time="0.001"/>
  <system-out>
    <![CDATA[a]]>
  </system-out>
  <testcase classname="TestFlags.Priority" name="a" time="0.002"/>
  <system-out>
    <![CDATA[a]]>
  </system-out>
  <testcase classname="TestFlags.Priority" name="a" time="0.000"/>
  <system-out>
    <![CDATA[a]]>
  </system-out>
  <testcase classname="TestFlags.Priority" name="a" time="0.001"/>
  <system-out>
    <![CDATA[a]]>
  </system-out>
  <testcase classname="TestFlags.Priority" name="a" time="0.001"/>
  <system-out>
    <![CDATA[a]]>
  </system-out>
  <testcase classname="TestFlags.Priority" name="a" time="0.003"/>
  <system-out>
    <![CDATA[a]]>
  </system-out>
  <testcase classname="TestFlags.Priority" name="a" time="0.002"/>
  <system-out>
    <![CDATA[a]]>
  </system-out>
  <testcase classname="TestFlags.Priority" name="a" time="0.001"/>
  <system-out>
    <![CDATA[a]]>
  </system-out>
  <testcase classname="TestFlags.Priority" name="a" time="0.001"/>
  <system-out>
    <![CDATA[a]]>
  </system-out>
  <testcase classname="TestFlags.Priority" name="a" time="0.004"/>
  <system-out>
    <![CDATA[a]]>
  </system-out>
  <testcase classname="TestFlags.Priority" name="a" time="0.001"/>
  <system-out>
    <![CDATA[a]]>
  </system-out>
  <testcase classname="TestFlags.Priority" name="a" time="0.001"/>
  <system-out>
    <![CDATA[a]]>
  </system-out>
  <testcase classname="TestFlags.Priority" name="a" time="0.001"/>
  <system-out>
    <![CDATA[a]]>
  </system-out>
  <testcase classname="TestFlags.Priority" name="a" time="0.002"/>
  <system-out>
    <![CDATA[a]]>
  </system-out>
  <testcase classname="TestFlags.Priority" name="a" time="0.002"/>
  <system-out>
    <![CDATA[a]]>
  </system-out>
  <testcase classname="TestFlags.Priority" name="a" time="0.002"/>
  <system-out>
    <![CDATA[a]]>
  </system-out>
  <testcase classname="TestFlags.Priority" name="a" time="0.001"/>
  <system-out>
    <![CDATA[a]]>
  </system-out>
  <testcase classname="TestFlags.Priority" name="a" time="0.002"/>
  <system-out>
    <![CDATA[a]]>
  </system-out>
  <testcase classname="TestFlags.Priority" name="a" time="0.003"/>
  <system-out>
    <![CDATA[a]]>
  </system-out>
  <testcase classname="TestFlags.Priority" name="a" time="0.001"/>
  <system-out>
    <![CDATA[a]]>
  </system-out>
  <testcase classname="TestFlags.Priority" name="a" time="0.002"/>
  <system-out>
    <![CDATA[a]]>
  </system-out>
  <testcase classname="TestFlags.Priority" name="a" time="0.001"/>
  <system-out>
    <![CDATA[a]]>
  </system-out>
  <testcase classname="TestFlags.Priority" name="a" time="0.001"/>
  <system-out>
    <![CDATA[a]]>
  </system-out>
  <testcase classname="TestFlags.Priority" name="a" time="0.001"/>
  <system-out>
    <![CDATA[a]]>
  </system-out>
  <testcase classname="TestFlags.Priority" name="a" time="0.001"/>
  <system-out>
    <![CDATA[a]]>
  </system-out>
  <testcase classname="TestFlags.Priority" name="a" time="0.001"/>
  <system-out>
    <![CDATA[a]]>
  </system-out>
  <testcase classname="TestFlags.Priority" name="a" time="0.000"/>
  <system-out>
    <![CDATA[a]]>
  </system-out>
  <testcase classname="TestFlags.Priority" name="a" time="0.002"/>
  <system-out>
    <![CDATA[a]]>
  </system-out>
  <testcase classname="TestFlags.Priority" name="a" time="0.005"/>
  <system-out>
    <![CDATA[a]]>
  </system-out>
  <testcase classname="TestFlags.Priority" name="a" time="0.002"/>
  <system-out>
    <![CDATA[a]]>
  </system-out>
  <testcase classname="TestFlags.Priority" name="a" time="0.001"/>
  <system-out>
    <![CDATA[a]]>
  </system-out>
  <testcase classname="TestFlags.Priority" name="a" time="0.002"/>
  <system-out>
    <![CDATA[a]]>
  </system-out>
  <testcase classname="TestFlags.Priority" name="a" time="0.003"/>
  <system-out>
    <![CDATA[a]]>
  </system-out>
  <testcase classname="TestFlags.Priority" name="a" time="0.003"/>
  <system-out>
    <![CDATA[a]]>
  </system-out>
  <testcase classname="TestFlags.Priority" name="a" time="0.001"/>
  <system-out>
    <![CDATA[a]]>
  </system-out>
  <testcase classname="TestFlags.Priority" name="a" time="0.002"/>
  <system-out>
    <![CDATA[a]]>
  </system-out>
  <testcase classname="TestFlags.Priority" name="a" time="0.001"/>
  <system-out>
    <![CDATA[a]]>
  </system-out>
  <testcase classname="TestFlags.Priority" name="a" time="0.002"/>
  <system-out>
    <![CDATA[a]]>
  </system-out>
  <testcase classname="TestFlags.Priority" name="a" time="0.001"/>
  <system-out>
    <![CDATA[a]]>
  </system-out>
  <testcase classname="TestFlags.Priority" name="a" time="0.000"/>
  <system-out>
    <![CDATA[a]]>
  </system-out>
  <testcase classname="TestFlags.Priority" name="a" time="0.003"/>
  <system-out>
    <![CDATA[a]]>
  </system-out>
  <testcase classname="TestFlags.Priority" name="a" time="0.001"/>
  <system-out>
    <![CDATA[a]]>
  </system-out>
  <testcase classname="TestFlags.Priority" name="a" time="0.001"/>
  <system-out>
    <![CDATA[a]]>
  </system-out>
  <testcase classname="TestFlags.Priority" name="a" time="0.000"/>
  <system-out>
    <![CDATA[a]]>
  </system-out>
  <testcase classname="TestFlags.Priority" name="a" time="0.002"/>
  <system-out>
    <![CDATA[a]]>
  </system-out>
  <testcase classname="TestFlags.Priority" name="a" time="0.005"/>
  <system-out>
    <![CDATA[a]]>
  </system-out>
  <testcase classname="TestFlags.Priority" name="a" time="0.001"/>
  <system-out>
    <![CDATA[a]]>
  </system-out>
  <testcase classname="TestFlags.Priority" name="a" time="0.002"/>
  <system-out>
    <![CDATA[a]]>
  </system-out>
  <testcase classname="TestFlags.Priority" name="a" time="0.001"/>
  <system-out>
    <![CDATA[a]]>
  </system-out>
  <testcase classname="TestFlags.Priority" name="a" time="0.001"/>
  <system-out>
    <![CDATA[a]]>
  </system-out>
  <testcase classname="TestFlags.Priority" name="a" time="0.001"/>
  <system-out>
    <![CDATA[a]]>
  </system-out>
  <testcase classname="TestFlags.Priority" name="a" time="0.001"/>
  <system-out>
    <![CDATA[a]]>
  </system-out>
  <testcase classname="TestFlags.Priority" name="a" time="0.002"/>
  <system-out>
    <![CDATA[a]]>
  </system-out>
  <testcase classname="TestFlags.Priority" name="a" time="0.001"/>
  <system-out>
    <![CDATA[a]]>
  </system-out>
  <testcase classname="TestFlags.Priority" name="a" time="0.003"/>
  <system-out>
    <![CDATA[a]]>
  </system-out>
  <testcase classname="TestFlags.Priority" name="a" time="0.001"/>
  <system-out>
    <![CDATA[a]]>
  </system-out>
  <testcase classname="TestFlags.Priority" name="a" time="0.001"/>
  <system-out>
    <![CDATA[a]]>
  </system-out>
  <testcase classname="TestFlags.Priority" name="a" time="0.002"/>
  <system-out>
    <![CDATA[a]]>
  </system-out>
  <testcase classname="TestFlags.Priority" name="a" time="0.001"/>
  <system-out>
    <![CDATA[a]]>
  </system-out>
  <testcase classname="TestFlags.Priority" name="a" time="0.001"/>
  <system-out>
    <![CDATA[a]]>
  </system-out>
  <testcase classname="TestFlags.Priority" name="a" time="0.004"/>
  <system-out>
    <![CDATA[a]]>
  </system-out>
  <testcase classname="TestFlags.Priority" name="a" time="0.001"/>
  <system-out>
    <![CDATA[a]]>
  </system-out>
  <testcase classname="TestFlags.Priority" name="a" time="0.001"/>
  <system-out>
    <![CDATA[a]]>
  </system-out>
  <testcase classname="TestFlags.Priority" name="c" time="0.003"/>
  <system-out>
    <![CDATA[c]]>
  </system-out>
  <testcase classname="TestFlags.Priority" name="a" time="0.002"/>
  <system-out>
    <![CDATA[a]]>
  </system-out>
  <testcase classname="TestFlags.Priority" name="a" time="0.001"/>
  <system-out>
    <![CDATA[a]]>
  </system-out>
  <testcase classname="TestFlags.Priority" name="a" time="0.001"/>
  <system-out>
    <![CDATA[a]]>
  </system-out>
  <testcase classname="TestFlags.Priority" name="a" time="0.001"/>
  <system-out>
    <![CDATA[a]]>
  </system-out>
  <testcase classname="TestFlags.Priority" name="a" time="0.001"/>
  <system-out>
    <![CDATA[a]]>
  </system-out>
  <testcase classname="TestFlags.Priority" name="a" time="0.001"/>
  <system-out>
    <![CDATA[a]]>
  </system-out>
  <testcase classname="TestFlags.Priority" name="a" time="0.002"/>
  <system-out>
    <![CDATA[a]]>
  </system-out>
  <testcase classname="TestFlags.Priority" name="a" time="0.002"/>
  <system-out>
    <![CDATA[a]]>
  </system-out>
  <testcase classname="TestFlags.Priority" name="a" time="0.006"/>
  <system-out>
    <![CDATA[a]]>
  </system-out>
  <testcase classname="TestFlags.Priority" name="a" time="0.002"/>
  <system-out>
    <![CDATA[a]]>
  </system-out>
  <testcase classname="TestFlags.Priority" name="a" time="0.002"/>
  <system-out>
    <![CDATA[a]]>
  </system-out>
  <testcase classname="TestFlags.Priority" name="a" time="0.001"/>
  <system-out>
    <![CDATA[a]]>
  </system-out>
  <testcase classname="TestFlags.Priority" name="a" time="0.002"/>
  <system-out>
    <![CDATA[a]]>
  </system-out>
  <testcase classname="TestFlags.Priority" name="a" time="0.001"/>
  <system-out>
    <![CDATA[a]]>
  </system-out>
  <testcase classname="TestFlags.Priority" name="a" time="0.001"/>
  <system-out>
    <![CDATA[a]]>
  </system-out>
  <testcase classname="TestFlags.Priority" name="a" time="0.002"/>
  <system-out>
    <![CDATA[a]]>
  </system-out>
  <testcase classname="TestFlags.Priority" name="a" time="0.000"/>
  <system-out>
    <![CDATA[a]]>
  </system-out>
  <testcase classname="TestFlags.Priority" name="a" time="0.001"/>
  <system-out>
    <![CDATA[a]]>
  </system-out>
  <testcase classname="TestFlags.Priority" name="a" time="0.002"/>
  <system-out>
    <![CDATA[a]]>
  </system-out>
  <testcase classname="TestFlags.Priority" name="a" time="0.010"/>
  <system-out>
    <![CDATA[a]]>
  </system-out>
  <testcase classname="TestFlags.Priority" name="a" time="0.002"/>
  <system-out>
    <![CDATA[a]]>
  </system-out>
  <testcase classname="TestFlags.Priority" name="a" time="0.002"/>
  <system-out>
    <![CDATA[a]]>
  </system-out>
  <testcase classname="TestFlags.Priority" name="a" time="0.001"/>
  <system-out>
    <![CDATA[a]]>
  </system-out>
  <testcase classname="TestFlags.Priority" name="a" time="0.000"/>
  <system-out>
    <![CDATA[a]]>
  </system-out>
  <testcase classname="TestFlags.Priority" name="a" time="0.001"/>
  <system-out>
    <![CDATA[a]]>
  </system-out>
  <testcase classname="TestFlags.Priority" name="a" time="0.003"/>
  <system-out>
    <![CDATA[a]]>
  </system-out>
  <testcase classname="TestFlags.Priority" name="a" time="0.001"/>
  <system-out>
    <![CDATA[a]]>
  </system-out>
  <testcase classname="TestFlags.Priority" name="a" time="0.002"/>
  <system-out>
    <![CDATA[a]]>
  </system-out>
  <testcase classname="TestFlags.Priority" name="a" time="0.001"/>
  <system-out>
    <![CDATA[a]]>
  </system-out>
  <testcase classname="TestFlags.Priority" name="a" time="0.001"/>
  <system-out>
    <![CDATA[a]]>
  </system-out>
  <testcase classname="TestFlags.Priority" name="a" time="0.001"/>
  <system-out>
    <![CDATA[a]]>
  </system-out>
  <testcase classname="TestFlags.Priority" name="a" time="0.007"/>
  <system-out>
    <![CDATA[a]]>
  </system-out>
  <testcase classname="TestFlags.Priority" name="a" time="0.001"/>
  <system-out>
    <![CDATA[a]]>
  </system-out>
  <testcase classname="TestFlags.Priority" name="a" time="0.002"/>
  <system-out>
    <![CDATA[a]]>
  </system-out>
  <testcase classname="TestFlags.Priority" name="a" time="0.001"/>
  <system-out>
    <![CDATA[a]]>
  </system-out>
  <testcase classname="TestFlags.Priority" name="a" time="0.000"/>
  <system-out>
    <![CDATA[a]]>
  </system-out>
  <testcase classname="TestFlags.Priority" name="a" time="0.000"/>
  <system-out>
    <![CDATA[a]]>
  </system-out>
  <testcase classname="TestFlags.Priority" name="a" time="0.003"/>
  <system-out>
    <![CDATA[a]]>
  </system-out>
  <testcase classname="TestFlags.Priority" name="a" time="0.001"/>
  <system-out>
    <![CDATA[a]]>
  </system-out>
  <testcase classname="TestFlags.Priority" name="a" time="0.001"/>
  <system-out>
    <![CDATA[a]]>
  </system-out>
  <testcase classname="TestFlags.Priority" name="a" time="0.001"/>
  <system-out>
    <![CDATA[a]]>
  </system-out>
  <testcase classname="TestFlags.Priority" name="a" time="0.001"/>
  <system-out>
    <![CDATA[a]]>
  </system-out>
  <testcase classname="TestFlags.Priority" name="a" time="0.001"/>
  <system-out>
    <![CDATA[a]]>
  </system-out>
  <testcase classname="TestFlags.Priority" name="s" time="0.001"/>
  <system-out>
    <![CDATA[s]]>
  </system-out>
  <testcase classname="TestFlags.Priority" name="e" time="0.003"/>
  <system-out>
    <![CDATA[e]]>
  </system-out>
  <testcase classname="TestFlags.Priority" name="b" time="0.001"/>
  <system-out>
    <![CDATA[b]]>
  </system-out>
</testsuite> <!-- TestFlags.Priority -->
