<?xml version="1.0" encoding="UTF-8"?>
<!-- Generated by org.testng.reporters.JUnitReportReporter -->
<testsuite hostname="DESKTOP-EJ6UG3V" failures="0" tests="6" name="TestNGPack.Demo" time="0.032" errors="0" timestamp="2022-06-03T10:00:42 IST" skipped="0">
  <testcase classname="TestNGPack.Demo" name="method" time="0.013"/>
  <system-out>
    <![CDATA[method executed]]>
  </system-out>
  <testcase classname="TestNGPack.Demo" name="method5" time="0.008"/>
  <system-out>
    <![CDATA[method5 executed]]>
  </system-out>
  <testcase classname="TestNGPack.Demo" name="method2" time="0.004"/>
  <system-out>
    <![CDATA[method2 executed]]>
  </system-out>
  <testcase classname="TestNGPack.Demo" name="method4" time="0.002"/>
  <system-out>
    <![CDATA[method4 executed]]>
  </system-out>
  <testcase classname="TestNGPack.Demo" name="method3" time="0.002"/>
  <system-out>
    <![CDATA[method3 executed]]>
  </system-out>
  <testcase classname="TestNGPack.Demo" name="method1" time="0.003"/>
  <system-out>
    <![CDATA[method1 executed]]>
  </system-out>
</testsuite> <!-- TestNGPack.Demo -->
