<?xml version="1.0" encoding="UTF-8"?>
<!-- Generated by org.testng.reporters.JUnitReportReporter -->
<testsuite hostname="DESKTOP-EJ6UG3V" failures="0" tests="3" name="TestFlags.Enable" time="0.013" errors="0" timestamp="2022-06-04T10:46:27 IST" skipped="1">
  <testcase classname="TestFlags.Enable" name="x" time="0.002"/>
  <system-out>
    <![CDATA[Settings]]>
  </system-out>
  <testcase classname="TestFlags.Enable" name="a" time="0.011"/>
  <system-out>
    <![CDATA[login]]>
  </system-out>
  <testcase classname="TestFlags.Enable" name="b">
    <skipped/>
  </testcase> <!-- b -->
  <system-out/>
</testsuite> <!-- TestFlags.Enable -->
