<?xml version="1.0" encoding="UTF-8"?>
<!-- Generated by org.testng.reporters.JUnitReportReporter -->
<testsuite hostname="DESKTOP-EJ6UG3V" failures="0" tests="2" name="TestFlags.Groups" time="0.013" errors="0" timestamp="2022-06-07T12:41:26 IST" skipped="0">
  <testcase classname="TestFlags.Groups" name="f" time="0.011"/>
  <system-out>
    <![CDATA[ft]]>
  </system-out>
  <testcase classname="TestFlags.Groups" name="s" time="0.002"/>
  <system-out>
    <![CDATA[ft]]>
  </system-out>
</testsuite> <!-- TestFlags.Groups -->
