<?xml version="1.0" encoding="UTF-8"?>
<!-- Generated by org.testng.reporters.JUnitReportReporter -->
<testsuite hostname="DESKTOP-EJ6UG3V" failures="0" tests="1" name="TestFlags.Acti1" time="9.058" errors="0" timestamp="2022-06-07T12:24:27 IST" skipped="0">
  <testcase classname="TestFlags.Acti1" name="f" time="9.058"/>
  <system-out/>
</testsuite> <!-- TestFlags.Acti1 -->
